HDL language for the peripheral (top level) design unit my_xsvi_split is vhdl
...
INFO:EDK:3391 - Create temporary xst project file:
   C:\Users\mt171850\Documents\Pour_etudiant_TP_video\IVK_EDK_Demo\IVK_Repositor
   y\MyProcessorIPLib\pcores/my_xsvi_split.prj
Compiling vhdl file
"C:/Users/mt171850/Documents/Pour_etudiant_TP_video/IVK_EDK_Demo/tutorial/my_xsv
i_split/my_xsvi_split.vhd" in Library my_xsvi_split_v1_00_a.
Entity <my_xsvi_split> compiled.
Entity <my_xsvi_split> (Architecture <rtl>) compiled.


Analyzing HDL attributes ...
Entity name = my_xsvi_split
INFO:EDK:1607 - IPTYPE set to value : PERIPHERAL
INFO:EDK:1511 - IMP_NETLIST set to value : TRUE
INFO:EDK:1486 - HDL set to value : VHDL
WARNING:EDK:3590 - Unable to delete temporary project file
   C:\Users\mt171850\Documents\Pour_etudiant_TP_video\IVK_EDK_Demo\IVK_Repositor
   y\MyProcessorIPLib\pcores\my_xsvi_split.prj : 13
Copying file my_xsvi_split.vhd to
C:\Users\mt171850\Documents\Pour_etudiant_TP_video\IVK_EDK_Demo\IVK_Repository\M
yProcessorIPLib\pcores/my_xsvi_split_v1_00_a/hdl/vhdl/ ...

Thank you for using Create and Import Peripheral Wizard! Please find your
imported peripheral under
C:\Users\mt171850\Documents\Pour_etudiant_TP_video\IVK_EDK_Demo\IVK_Repository\M
yProcessorIPLib\pcores\my_xsvi_split_v1_00_a.

Summary:

  Logical library     : my_xsvi_split_v1_00_a
  Version             : 1.00.a
  Bus interface(s)    : None

The following sub-directories will be created:

  - my_xsvi_split_v1_00_a\data
  - my_xsvi_split_v1_00_a\hdl
  - my_xsvi_split_v1_00_a\hdl\vhdl


The following HDL source files will be copied into the
my_xsvi_split_v1_00_a\hdl\vhdl directory:

  - my_xsvi_split.vhd

The following files will be created under the my_xsvi_split_v1_00_a\data
directory:

  - my_xsvi_split_v2_1_0.mpd
  - my_xsvi_split_v2_1_0.pao


